Crashlog created at 2022-09-25 19:18:17 +0200

===== MESSAGE:

ArgumentError: wrong number of arguments (given 2, expected 0..1)

===== ITEM BEING COMPILED:

Current item: /index.html (:default representation)

===== STACK TRACE:

  0. /Users/luc/.rbenv/versions/3.0.2/lib/ruby/gems/3.0.0/gems/temple-0.8.2/lib/temple/engine.rb:44:in `initialize'
  1. /Users/luc/.rbenv/versions/3.0.2/lib/ruby/gems/3.0.0/gems/nanoc-4.12.7/lib/nanoc/filters/haml.rb:25:in `new'
  2. /Users/luc/.rbenv/versions/3.0.2/lib/ruby/gems/3.0.0/gems/nanoc-4.12.7/lib/nanoc/filters/haml.rb:25:in `run'
  3. /Users/luc/.rbenv/versions/3.0.2/lib/ruby/gems/3.0.0/gems/nanoc-core-4.12.7/lib/nanoc/core/filter.rb:188:in `setup_and_run'
  4. /Users/luc/.rbenv/versions/3.0.2/lib/ruby/gems/3.0.0/gems/nanoc-core-4.12.7/lib/nanoc/core/executor.rb:67:in `layout'
  5. /Users/luc/.rbenv/versions/3.0.2/lib/ruby/gems/3.0.0/gems/nanoc-core-4.12.7/lib/nanoc/core/compilation_phases/recalculate.rb:34:in `block in run'
  6. /Users/luc/.rbenv/versions/3.0.2/lib/ruby/gems/3.0.0/gems/nanoc-core-4.12.7/lib/nanoc/core/action_sequence.rb:50:in `each'
  7. /Users/luc/.rbenv/versions/3.0.2/lib/ruby/gems/3.0.0/gems/nanoc-core-4.12.7/lib/nanoc/core/action_sequence.rb:50:in `each'
  8. /Users/luc/.rbenv/versions/3.0.2/lib/ruby/gems/3.0.0/gems/nanoc-core-4.12.7/lib/nanoc/core/compilation_phases/recalculate.rb:29:in `run'
  9. /Users/luc/.rbenv/versions/3.0.2/lib/ruby/gems/3.0.0/gems/nanoc-core-4.12.7/lib/nanoc/core/compilation_phases/abstract.rb:23:in `call'
  10. /Users/luc/.rbenv/versions/3.0.2/lib/ruby/gems/3.0.0/gems/nanoc-core-4.12.7/lib/nanoc/core/compilation_phases/abstract.rb:25:in `block in call'
  11. /Users/luc/.rbenv/versions/3.0.2/lib/ruby/gems/3.0.0/gems/nanoc-core-4.12.7/lib/nanoc/core/compilation_phases/cache.rb:28:in `run'
  12. /Users/luc/.rbenv/versions/3.0.2/lib/ruby/gems/3.0.0/gems/nanoc-core-4.12.7/lib/nanoc/core/compilation_phases/abstract.rb:23:in `call'
  13. /Users/luc/.rbenv/versions/3.0.2/lib/ruby/gems/3.0.0/gems/nanoc-core-4.12.7/lib/nanoc/core/compilation_phases/abstract.rb:25:in `block in call'

===== VERSION INFORMATION:

Nanoc 4.12.7 © 2007–2022 Denis Defreyne.
Running ruby 3.0.2 (2021-07-07) on x86_64-darwin20 with RubyGems 3.2.22.

===== SYSTEM INFORMATION:

Darwin Thoth.local 20.6.0 Darwin Kernel Version 20.6.0: Mon Aug 29 04:31:06 PDT 2022; root:xnu-7195.141.39~2/RELEASE_X86_64 x86_64

===== INSTALLED GEMS:

  addressable 2.8.1
  bundler 2.3.22
  colored 1.2
  concurrent-ruby 1.1.10
  cri 2.15.11
  ddmetrics 1.0.1
  ddplugin 1.0.3
  diff-lcs 1.5.0
  haml 6.0.1
  hamster 3.0.0
  json_schema 0.21.0
  memo_wise 1.7.0
  nanoc 4.12.7
  nanoc-checking 1.0.2
  nanoc-cli 4.12.7
  nanoc-core 4.12.7
  nanoc-deploying 1.0.2
  parallel 1.22.1
  pastel 0.8.0
  psych 4.0.5
  public_suffix 5.0.0
  slow_enumerator_tools 1.1.0
  stringio 3.0.2
  temple 0.8.2
  thor 1.2.1
  tilt 2.0.11
  tty-color 0.6.0
  tty-command 0.10.1
  tty-platform 0.3.0
  tty-which 0.5.0
  zeitwerk 2.6.0

===== GEMFILE.LOCK:

GEM
  remote: https://rubygems.org/
  specs:
    addressable (2.8.1)
      public_suffix (>= 2.0.2, < 6.0)
    colored (1.2)
    concurrent-ruby (1.1.10)
    cri (2.15.11)
    ddmetrics (1.0.1)
    ddplugin (1.0.3)
    diff-lcs (1.5.0)
    haml (6.0.1)
      temple (>= 0.8.2)
      thor
      tilt
    hamster (3.0.0)
      concurrent-ruby (~> 1.0)
    json_schema (0.21.0)
    memo_wise (1.7.0)
    nanoc (4.12.7)
      addressable (~> 2.5)
      colored (~> 1.2)
      nanoc-checking (~> 1.0, >= 1.0.2)
      nanoc-cli (= 4.12.7)
      nanoc-core (= 4.12.7)
      nanoc-deploying (~> 1.0)
      parallel (~> 1.12)
      tty-command (~> 0.8)
      tty-which (~> 0.4)
    nanoc-checking (1.0.2)
      nanoc-cli (~> 4.12, >= 4.12.4)
      nanoc-core (~> 4.12, >= 4.12.4)
    nanoc-cli (4.12.7)
      cri (~> 2.15)
      diff-lcs (~> 1.3)
      nanoc-core (= 4.12.7)
      zeitwerk (~> 2.1)
    nanoc-core (4.12.7)
      concurrent-ruby (~> 1.1)
      ddmetrics (~> 1.0)
      ddplugin (~> 1.0)
      hamster (~> 3.0)
      json_schema (~> 0.19)
      memo_wise (~> 1.5)
      psych (~> 4.0)
      slow_enumerator_tools (~> 1.0)
      tty-platform (~> 0.2)
      zeitwerk (~> 2.1)
    nanoc-deploying (1.0.2)
      nanoc-checking (~> 1.0)
      nanoc-cli (~> 4.11, >= 4.11.15)
      nanoc-core (~> 4.11, >= 4.11.15)
    parallel (1.22.1)
    pastel (0.8.0)
      tty-color (~> 0.5)
    psych (4.0.5)
      stringio
    public_suffix (5.0.0)
    slow_enumerator_tools (1.1.0)
    stringio (3.0.2)
    temple (0.8.2)
    thor (1.2.1)
    tilt (2.0.11)
    tty-color (0.6.0)
    tty-command (0.10.1)
      pastel (~> 0.8)
    tty-platform (0.3.0)
    tty-which (0.5.0)
    zeitwerk (2.6.0)

PLATFORMS
  x86_64-darwin-20

DEPENDENCIES
  haml
  nanoc (~> 4.12)

RUBY VERSION
   ruby 3.0.2p107

BUNDLED WITH
   2.3.22

===== LOAD PATHS:

  0. /usr/local/Cellar/rbenv/1.2.0/rbenv.d/exec/gem-rehash
  1. /Users/luc/.rbenv/versions/3.0.2/lib/ruby/gems/3.0.0/gems/bundler-2.3.22/lib
  2. /Users/luc/.rbenv/versions/3.0.2/lib/ruby/gems/3.0.0/gems/nanoc-4.12.7/lib
  3. /Users/luc/.rbenv/versions/3.0.2/lib/ruby/gems/3.0.0/gems/tty-which-0.5.0/lib
  4. /Users/luc/.rbenv/versions/3.0.2/lib/ruby/gems/3.0.0/gems/tty-command-0.10.1/lib
  5. /Users/luc/.rbenv/versions/3.0.2/lib/ruby/gems/3.0.0/gems/pastel-0.8.0/lib
  6. /Users/luc/.rbenv/versions/3.0.2/lib/ruby/gems/3.0.0/gems/tty-color-0.6.0/lib
  7. /Users/luc/.rbenv/versions/3.0.2/lib/ruby/gems/3.0.0/gems/parallel-1.22.1/lib
  8. /Users/luc/.rbenv/versions/3.0.2/lib/ruby/gems/3.0.0/gems/nanoc-deploying-1.0.2/lib
  9. /Users/luc/.rbenv/versions/3.0.2/lib/ruby/gems/3.0.0/gems/nanoc-checking-1.0.2/lib
  10. /Users/luc/.rbenv/versions/3.0.2/lib/ruby/gems/3.0.0/gems/nanoc-cli-4.12.7/lib
  11. /Users/luc/.rbenv/versions/3.0.2/lib/ruby/gems/3.0.0/gems/nanoc-core-4.12.7/lib
  12. /Users/luc/.rbenv/versions/3.0.2/lib/ruby/gems/3.0.0/gems/zeitwerk-2.6.0/lib
  13. /Users/luc/.rbenv/versions/3.0.2/lib/ruby/gems/3.0.0/gems/tty-platform-0.3.0/lib
  14. /Users/luc/.rbenv/versions/3.0.2/lib/ruby/gems/3.0.0/gems/slow_enumerator_tools-1.1.0/lib
  15. /Users/luc/.rbenv/versions/3.0.2/lib/ruby/gems/3.0.0/gems/psych-4.0.5/lib
  16. /Users/luc/.rbenv/versions/3.0.2/lib/ruby/gems/3.0.0/extensions/x86_64-darwin-20/3.0.0/psych-4.0.5
  17. /Users/luc/.rbenv/versions/3.0.2/lib/ruby/gems/3.0.0/gems/stringio-3.0.2/lib
  18. /Users/luc/.rbenv/versions/3.0.2/lib/ruby/gems/3.0.0/extensions/x86_64-darwin-20/3.0.0/stringio-3.0.2
  19. /Users/luc/.rbenv/versions/3.0.2/lib/ruby/gems/3.0.0/gems/memo_wise-1.7.0/lib
  20. /Users/luc/.rbenv/versions/3.0.2/lib/ruby/gems/3.0.0/gems/json_schema-0.21.0/lib
  21. /Users/luc/.rbenv/versions/3.0.2/lib/ruby/gems/3.0.0/gems/hamster-3.0.0/lib
  22. /Users/luc/.rbenv/versions/3.0.2/lib/ruby/gems/3.0.0/gems/haml-6.0.1/lib
  23. /Users/luc/.rbenv/versions/3.0.2/lib/ruby/gems/3.0.0/extensions/x86_64-darwin-20/3.0.0/haml-6.0.1
  24. /Users/luc/.rbenv/versions/3.0.2/lib/ruby/gems/3.0.0/gems/tilt-2.0.11/lib
  25. /Users/luc/.rbenv/versions/3.0.2/lib/ruby/gems/3.0.0/gems/thor-1.2.1/lib
  26. /Users/luc/.rbenv/versions/3.0.2/lib/ruby/gems/3.0.0/gems/temple-0.8.2/lib
  27. /Users/luc/.rbenv/versions/3.0.2/lib/ruby/gems/3.0.0/gems/diff-lcs-1.5.0/lib
  28. /Users/luc/.rbenv/versions/3.0.2/lib/ruby/gems/3.0.0/gems/ddplugin-1.0.3/lib
  29. /Users/luc/.rbenv/versions/3.0.2/lib/ruby/gems/3.0.0/gems/ddmetrics-1.0.1/lib
  30. /Users/luc/.rbenv/versions/3.0.2/lib/ruby/gems/3.0.0/gems/cri-2.15.11/lib
  31. /Users/luc/.rbenv/versions/3.0.2/lib/ruby/gems/3.0.0/gems/concurrent-ruby-1.1.10/lib/concurrent-ruby
  32. /Users/luc/.rbenv/versions/3.0.2/lib/ruby/gems/3.0.0/gems/colored-1.2/lib
  33. /Users/luc/.rbenv/versions/3.0.2/lib/ruby/gems/3.0.0/gems/addressable-2.8.1/lib
  34. /Users/luc/.rbenv/versions/3.0.2/lib/ruby/gems/3.0.0/gems/public_suffix-5.0.0/lib
  35. /Users/luc/.rbenv/versions/3.0.2/lib/ruby/site_ruby/3.0.0
  36. /Users/luc/.rbenv/versions/3.0.2/lib/ruby/site_ruby/3.0.0/x86_64-darwin20
  37. /Users/luc/.rbenv/versions/3.0.2/lib/ruby/site_ruby
  38. /Users/luc/.rbenv/versions/3.0.2/lib/ruby/vendor_ruby/3.0.0
  39. /Users/luc/.rbenv/versions/3.0.2/lib/ruby/vendor_ruby/3.0.0/x86_64-darwin20
  40. /Users/luc/.rbenv/versions/3.0.2/lib/ruby/vendor_ruby
  41. /Users/luc/.rbenv/versions/3.0.2/lib/ruby/3.0.0
  42. /Users/luc/.rbenv/versions/3.0.2/lib/ruby/3.0.0/x86_64-darwin20
